<?xml version="1.0" encoding="UTF-8"?>
<!-- Generated by org.testng.reporters.JUnitReportReporter -->
<testsuite hostname="Zanes-MacBook-Air.local" failures="0" tests="3" name="com.google.tests.GoogleSearchTest" time="21.780" errors="0" timestamp="2023-04-10T12:48:11 EEST" skipped="0">
  <testcase classname="com.google.tests.GoogleSearchTest" name="searchTest" time="3.631"/>
  <system-out/>
  <testcase classname="com.google.tests.GoogleSearchTest" name="searchTest" time="14.955"/>
  <system-out/>
  <testcase classname="com.google.tests.GoogleSearchTest" name="searchTest" time="3.194"/>
  <system-out/>
</testsuite> <!-- com.google.tests.GoogleSearchTest -->
