<?xml version="1.0" encoding="UTF-8"?>
<!-- Generated by org.testng.reporters.JUnitReportReporter -->
<testsuite hostname="Zanes-MacBook-Air.local" failures="0" tests="1" name="com.google.tests.GoogleAuthenticationTest" time="11.472" errors="0" timestamp="2023-04-10T12:48:11 EEST" skipped="0">
  <testcase classname="com.google.tests.GoogleAuthenticationTest" name="testLogin" time="11.472"/>
  <system-out/>
</testsuite> <!-- com.google.tests.GoogleAuthenticationTest -->
