<?xml version="1.0" encoding="UTF-8"?>
<!-- Generated by org.testng.reporters.JUnitReportReporter -->
<testsuite hostname="Zanes-Air.lan" failures="0" tests="3" name="com.example.tests.GoogleSearchTest" time="28.936" errors="0" timestamp="2023-04-09T19:13:38 EEST" skipped="0">
  <testcase classname="com.example.tests.GoogleSearchTest" name="searchTest" time="3.180"/>
  <system-out/>
  <testcase classname="com.example.tests.GoogleSearchTest" name="searchTest" time="6.013"/>
  <system-out/>
  <testcase classname="com.example.tests.GoogleSearchTest" name="searchTest" time="19.743"/>
  <system-out/>
</testsuite> <!-- com.example.tests.GoogleSearchTest -->
